#
# A fatal error has been detected by the Java Runtime Environment:
#
#  EXCEPTION_ACCESS_VIOLATION (0xc0000005) at pc=0x000001f215d99ca4, pid=22796, tid=20684
#
# JRE version: OpenJDK Runtime Environment (16.0.2+7) (build 16.0.2+7-67)
# Java VM: OpenJDK 64-Bit Server VM (16.0.2+7-67, mixed mode, tiered, compressed oops, compressed class ptrs, g1 gc, windows-amd64)
# Problematic frame:
# J 219 c2 java.util.HashMap$KeyIterator.next()Ljava/lang/Object; java.base@16.0.2 (8 bytes) @ 0x000001f215d99ca4 [0x000001f215d99b20+0x0000000000000184]
#
# No core dump will be written. Minidumps are not enabled by default on client versions of Windows
#
# If you would like to submit a bug report, please visit:
#   https://bugreport.java.com/bugreport/crash.jsp
#

---------------  S U M M A R Y ------------

Command Line: -Dfile.encoding=UTF-8 -XX:+ShowCodeDetailsInExceptionMessages DeLP_GDPR.delp.examples.DeLPExample

Host: Intel(R) Core(TM) i9-10900KF CPU @ 3.70GHz, 20 cores, 31G,  Windows 10 , 64 bit Build 22621 (10.0.22621.2506)
Time: Tue Nov 21 19:42:03 2023 GMT Standard Time elapsed time: 33545.603689 seconds (0d 9h 19m 5s)

---------------  T H R E A D  ---------------

Current thread (0x000001f20ac77f50):  JavaThread "main" [_thread_in_Java, id=20684, stack(0x0000000da7500000,0x0000000da7600000)]

Stack: [0x0000000da7500000,0x0000000da7600000],  sp=0x0000000da75fef40,  free space=1019k
Native frames: (J=compiled Java code, j=interpreted, Vv=VM code, C=native code)
C  0x000001f215d99ca4


siginfo: EXCEPTION_ACCESS_VIOLATION (0xc0000005), reading address 0x0000000000000190


Register to memory mapping:

RIP=0x000001f215d99ca4 is at entry_point+388 in (nmethod*)0x000001f215d99990
RAX=0x0000000000000001 is an unknown value
RBX=0x0 is NULL
RCX=0xffffffffffffffff is an unknown value
RDX=0x000000062d872bb0 is an oop: java.util.HashMap$KeyIterator 
{0x000000062d872bb0} - klass: 'java/util/HashMap$KeyIterator'
RSP=0x0000000da75fef40 is pointing into the stack for thread: 0x000001f20ac77f50
RBP=0x0000000000000010 is an unknown value
RSI=0x0000000000000010 is an unknown value
RDI=3316704614 is a compressed pointer to object: [Ljava.util.HashMap$Node; 
{0x000000062d872b30} - klass: 'java/util/HashMap$Node'[]
 - length: 16
R8 =3316704624 is a compressed pointer to object: java.util.HashMap$Node 
{0x000000062d872b80} - klass: 'java/util/HashMap$Node'
R9 =3316704628 is a compressed pointer to object: java.util.HashMap$KeySet 
{0x000000062d872ba0} - klass: 'java/util/HashMap$KeySet'
R10=0x0000000000000030 is an unknown value
R11=0x00000000000018b6 is an unknown value
R12=0x0 is NULL
R13=0x000000062d872b30 is an oop: [Ljava.util.HashMap$Node; 
{0x000000062d872b30} - klass: 'java/util/HashMap$Node'[]
 - length: 16
R14=0x000000062d872bb0 is an oop: java.util.HashMap$KeyIterator 
{0x000000062d872bb0} - klass: 'java/util/HashMap$KeyIterator'
R15=0x000001f20ac77f50 is a thread


Registers:
RAX=0x0000000000000001, RBX=0x0000000000000000, RCX=0xffffffffffffffff, RDX=0x000000062d872bb0
RSP=0x0000000da75fef40, RBP=0x0000000000000010, RSI=0x0000000000000010, RDI=0x00000000c5b0e566
R8 =0x00000000c5b0e570, R9 =0x00000000c5b0e574, R10=0x0000000000000030, R11=0x00000000000018b6
R12=0x0000000000000000, R13=0x000000062d872b30, R14=0x000000062d872bb0, R15=0x000001f20ac77f50
RIP=0x000001f215d99ca4, EFLAGS=0x0000000000010246

Top of Stack: (sp=0x0000000da75fef40)
0x0000000da75fef40:   c028d06cc5b0e526 0000000000000001
0x0000000da75fef50:   b8dc78b400000001 00000006014990e8
0x0000000da75fef60:   000000062d872960 000000062d872b80
0x0000000da75fef70:   00000006c5b0e570 000000062d800568
0x0000000da75fef80:   0000000000000000 77c7888500000000
0x0000000da75fef90:   000000062d872bb0 000001f215df7098
0x0000000da75fefa0:   da8389df00000000 95420c7462bb541a
0x0000000da75fefb0:   000000062dfbe228 000000062dfbe1d8
0x0000000da75fefc0:   0000000601468360 00000006014990d0
0x0000000da75fefd0:   000000062d8728f8 000000062d872ac8
0x0000000da75fefe0:   c5b0e51200000000 000000062d872740
0x0000000da75feff0:   0000000601468360 00000006014990e8
0x0000000da75ff000:   000000062d872650 000000062dfbe180
0x0000000da75ff010:   00000006c5bf7c30 c0290bdac0290bcd
0x0000000da75ff020:   000003e0000003e0 0000000100000001
0x0000000da75ff030:   000000062dfbe2a0 000001f215df73a0 

Instructions: (pc=0x000001f215d99ca4)
0x000001f215d99ba4:   db 74 1a 49 c1 ea 09 48 b9 00 80 c8 1b f2 01 00
0x000001f215d99bb4:   00 49 03 ca 80 39 04 0f 85 f5 01 00 00 41 80 7f
0x000001f215d99bc4:   30 00 0f 85 b3 01 00 00 44 8b 5c 24 30 43 8b 5c
0x000001f215d99bd4:   dc 18 41 89 5e 14 4d 8b d6 4c 8b db 49 c1 e3 03
0x000001f215d99be4:   4d 33 da 49 c1 eb 16 4d 85 db 74 1e 85 db 74 1a
0x000001f215d99bf4:   49 c1 ea 09 48 b9 00 80 c8 1b f2 01 00 00 49 03
0x000001f215d99c04:   ca 80 39 04 0f 85 ee 01 00 00 85 db 0f 85 89 00
0x000001f215d99c14:   00 00 45 8b 56 1c 43 8b 7c d4 24 41 8b 74 fc 0c
0x000001f215d99c24:   41 8b 6e 10 3b ee 0f 8d 6f 00 00 00 4d 8d 2c fc
0x000001f215d99c34:   44 8b dd 41 ff c3 45 89 5e 10 3b ee 0f 83 fc 01
0x000001f215d99c44:   00 00 41 80 7f 30 00 75 76 41 8b 5c ad 10 41 89
0x000001f215d99c54:   5e 14 4d 8b d6 48 8b eb 48 c1 e5 03 4c 8b dd 4d
0x000001f215d99c64:   33 da 49 c1 eb 16 4d 85 db 74 1a 85 db 74 16 49
0x000001f215d99c74:   c1 ea 09 48 b9 00 80 c8 1b f2 01 00 00 49 03 ca
0x000001f215d99c84:   80 39 04 75 71 4d 8b 97 20 01 00 00 41 85 02 85
0x000001f215d99c94:   db 75 08 41 8b 6e 10 3b ee 7c 95 44 8b 54 24 30
0x000001f215d99ca4:   47 8b 54 d4 10 49 8b c2 48 c1 e0 03 48 83 c4 50
0x000001f215d99cb4:   5d 49 3b a7 18 01 00 00 0f 87 3a 02 00 00 c3 45
0x000001f215d99cc4:   8b 5e 14 45 85 db 0f 84 7d ff ff ff 4d 8b 57 38
0x000001f215d99cd4:   49 8b cb 48 c1 e1 03 4d 85 d2 0f 84 84 01 00 00
0x000001f215d99ce4:   4d 8b 5f 48 4b 89 4c 13 f8 49 83 c2 f8 4d 89 57
0x000001f215d99cf4:   38 e9 53 ff ff ff 4d 8b 57 78 4d 8b 5f 68 f0 83
0x000001f215d99d04:   44 24 c0 00 80 39 00 0f 84 78 ff ff ff 44 88 21
0x000001f215d99d14:   4d 85 db 75 1d 89 7c 24 24 49 8b d7 49 ba 50 94
0x000001f215d99d24:   7c 01 fe 7f 00 00 41 ff d2 8b 7c 24 24 e9 53 ff
0x000001f215d99d34:   ff ff 4b 89 4c 1a f8 49 83 c3 f8 4d 89 5f 68 e9
0x000001f215d99d44:   41 ff ff ff 44 8b 52 18 45 85 d2 0f 84 2c fe ff
0x000001f215d99d54:   ff 4d 8b 5f 38 49 8b ca 48 c1 e1 03 4d 85 db 0f
0x000001f215d99d64:   84 29 01 00 00 4d 8b 57 48 4b 89 4c 1a f8 49 83
0x000001f215d99d74:   c3 f8 4d 89 5f 38 e9 02 fe ff ff 45 8b 5e 14 45
0x000001f215d99d84:   85 db 0f 84 40 fe ff ff 4d 8b 57 38 49 8b cb 48
0x000001f215d99d94:   c1 e1 03 4d 85 d2 0f 84 dd 00 00 00 4d 8b 5f 48 


Stack slot to memory mapping:
stack at sp + 0 slots: 0xc028d06cc5b0e526 is an unknown value
stack at sp + 1 slots: 0x0000000000000001 is an unknown value
stack at sp + 2 slots: 0xb8dc78b400000001 is an unknown value
stack at sp + 3 slots: 0x00000006014990e8 is an oop: java.util.ArrayList 
{0x00000006014990e8} - klass: 'java/util/ArrayList'
stack at sp + 4 slots: 0x000000062d872960 is an oop: [Ljava.util.HashMap$Node; 
{0x000000062d872960} - klass: 'java/util/HashMap$Node'[]
 - length: 16
stack at sp + 5 slots: 0x000000062d872b80 is an oop: java.util.HashMap$Node 
{0x000000062d872b80} - klass: 'java/util/HashMap$Node'
stack at sp + 6 slots: 0x00000006c5b0e570 is an unallocated location in the heap
stack at sp + 7 slots: 0x000000062d800568 is an oop: java.util.HashMap$KeyIterator 
{0x000000062d800568} - klass: 'java/util/HashMap$KeyIterator'

--------------------------------------------------------------------------------
[Constant Pool (empty)]

--------------------------------------------------------------------------------

[MachCode]
  0x000001f215d99b20: 448b 5208 | 49bb 0000 | 0000 0800 | 0000 4d03 | d349 3bc2 | 0f85 462f | 4af8 6690 | 0f1f 4000 
  0x000001f215d99b40: 8984 2400 | 90ff ff55 | 4883 ec50 | 4c8b f244 | 8b52 1c47 | 8b5c d418 | 448b 4214 | 4489 4424 
  0x000001f215d99b60: 308b 6a0c | 443b dd0f | 853a 0300 | 0045 85c0 | 0f84 4603 | 0000 4180 | 7f30 000f | 85c7 0100 
  0x000001f215d99b80: 0044 8b5c | 2430 4589 | 5e18 4f8d | 14dc 4c89 | 5424 284d | 8bd6 4c8b | 5c24 284d | 33da 49c1 
  0x000001f215d99ba0: eb16 4d85 | db74 1a49 | c1ea 0948 | b900 80c8 | 1bf2 0100 | 0049 03ca | 8039 040f | 85f5 0100 
  0x000001f215d99bc0: 0041 807f | 3000 0f85 | b301 0000 | 448b 5c24 | 3043 8b5c | dc18 4189 | 5e14 4d8b | d64c 8bdb 
  0x000001f215d99be0: 49c1 e303 | 4d33 da49 | c1eb 164d | 85db 741e | 85db 741a | 49c1 ea09 | 48b9 0080 | c81b f201 
  0x000001f215d99c00: 0000 4903 | ca80 3904 | 0f85 ee01 | 0000 85db | 0f85 8900 | 0000 458b | 561c 438b | 7cd4 2441 
  0x000001f215d99c20: 8b74 fc0c | 418b 6e10 | 3bee 0f8d | 6f00 0000 | 4d8d 2cfc | 448b dd41 | ffc3 4589 | 5e10 3bee 
  0x000001f215d99c40: 0f83 fc01 | 0000 4180 | 7f30 0075 | 7641 8b5c | ad10 4189 | 5e14 4d8b | d648 8beb | 48c1 e503 
  0x000001f215d99c60: 4c8b dd4d | 33da 49c1 | eb16 4d85 | db74 1a85 | db74 1649 | c1ea 0948 | b900 80c8 | 1bf2 0100 
  0x000001f215d99c80: 0049 03ca | 8039 0475 | 714d 8b97 | 2001 0000 | 4185 0285 | db75 0841 | 8b6e 103b | ee7c 9544 
  0x000001f215d99ca0: 8b54 2430 | 478b 54d4 | 1049 8bc2 | 48c1 e003 | 4883 c450 | 5d49 3ba7 | 1801 0000 | 0f87 3a02 
  0x000001f215d99cc0: 0000 c345 | 8b5e 1445 | 85db 0f84 | 7dff ffff | 4d8b 5738 | 498b cb48 | c1e1 034d | 85d2 0f84 
  0x000001f215d99ce0: 8401 0000 | 4d8b 5f48 | 4b89 4c13 | f849 83c2 | f84d 8957 | 38e9 53ff | ffff 4d8b | 5778 4d8b 
  0x000001f215d99d00: 5f68 f083 | 4424 c000 | 8039 000f | 8478 ffff | ff44 8821 | 4d85 db75 | 1d89 7c24 | 2449 8bd7 
  0x000001f215d99d20: 49ba 5094 | 7c01 fe7f | 0000 41ff | d28b 7c24 | 24e9 53ff | ffff 4b89 | 4c1a f849 | 83c3 f84d 
  0x000001f215d99d40: 895f 68e9 | 41ff ffff | 448b 5218 | 4585 d20f | 842c feff | ff4d 8b5f | 3849 8bca | 48c1 e103 
  0x000001f215d99d60: 4d85 db0f | 8429 0100 | 004d 8b57 | 484b 894c | 1af8 4983 | c3f8 4d89 | 5f38 e902 | feff ff45 
  0x000001f215d99d80: 8b5e 1445 | 85db 0f84 | 40fe ffff | 4d8b 5738 | 498b cb48 | c1e1 034d | 85d2 0f84 | dd00 0000 
  0x000001f215d99da0: 4d8b 5f48 | 4b89 4c13 | f849 83c2 | f84d 8957 | 38e9 16fe | ffff 4d8b | 5768 4d8b | 5f78 f083 
  0x000001f215d99dc0: 4424 c000 | 8039 000f | 84f4 fdff | ff44 8821 | 4d85 d275 | 1549 8bd7 | 49ba 5094 | 7c01 fe7f 
  0x000001f215d99de0: 0000 41ff | d2e9 d7fd | ffff 4b89 | 4c13 f849 | 83c2 f84d | 8957 68e9 | c5fd ffff | 4d8b 5768 
  0x000001f215d99e00: 4d8b 5f78 | f083 4424 | c000 8039 | 000f 84fb | fdff ff44 | 8821 4d85 | d275 1549 | 8bd7 49ba 
  0x000001f215d99e20: 5094 7c01 | fe7f 0000 | 41ff d2e9 | defd ffff | 4b89 4c13 | f849 83c2 | f84d 8957 | 68e9 ccfd 
  0x000001f215d99e40: ffff bae4 | ffff ff48 | 8944 24f8 | 8b44 2430 | 8944 242c | 488b 4424 | f84c 8974 | 2430 897c 
  0x000001f215d99e60: 2438 90e8 | 1838 4af8 | 498b d749 | ba70 947c | 01fe 7f00 | 0041 ffd2 | e9d0 fdff | ff49 8bd7 
  0x000001f215d99e80: 49ba 7094 | 7c01 fe7f | 0000 41ff | d2e9 3afd | ffff 498b | d749 ba70 | 947c 01fe | 7f00 0041 
  0x000001f215d99ea0: ffd2 e9da | fcff ffba | 45ff ffff | 4c89 7424 | 2044 895c | 242c 90e8 | c437 4af8 | ba45 ffff 
  0x000001f215d99ec0: ff49 8bee | 4489 4424 | 2466 90e8 | b037 4af8 | baf6 ffff | ff66 90e8 | a437 4af8 | baf6 ffff 
  0x000001f215d99ee0: ff66 90e8 | 9837 4af8 | ba45 ffff | ff49 8bee | 897c 2428 | 6666 90e8 | 8437 4af8 | 49ba b59c 
  0x000001f215d99f00: d915 f201 | 0000 4d89 | 9790 0300 | 00e9 ee43 | 4af8 f4f4 | f4f4 f4f4 | f4f4 f4f4 | f4f4 f4f4 
  0x000001f215d99f20: e9db 8754 | f8e8 0000 | 0000 4883 | 2c24 05e9 | ec3a 4af8 | f4f4 f4f4 
[/MachCode]
--------------------------------------------------------------------------------


---------------  P R O C E S S  ---------------

Threads class SMR info:
_java_thread_list=0x000001f23516b020, length=12, elements={
0x000001f20ac77f50, 0x000001f234876030, 0x000001f234876ef0, 0x000001f2348a5270,
0x000001f2348a5e70, 0x000001f2348a9020, 0x000001f2348aa1c0, 0x000001f2348b0ba0,
0x000001f2348b5600, 0x000001f2348c83e0, 0x000001f234a2c040, 0x000001f234a3d2f0
}

Java Threads: ( => current thread )
=>0x000001f20ac77f50 JavaThread "main" [_thread_in_Java, id=20684, stack(0x0000000da7500000,0x0000000da7600000)]
  0x000001f234876030 JavaThread "Reference Handler" daemon [_thread_blocked, id=17140, stack(0x0000000da7c00000,0x0000000da7d00000)]
  0x000001f234876ef0 JavaThread "Finalizer" daemon [_thread_blocked, id=14456, stack(0x0000000da7d00000,0x0000000da7e00000)]
  0x000001f2348a5270 JavaThread "Signal Dispatcher" daemon [_thread_blocked, id=25352, stack(0x0000000da7e00000,0x0000000da7f00000)]
  0x000001f2348a5e70 JavaThread "Attach Listener" daemon [_thread_blocked, id=13120, stack(0x0000000da7f00000,0x0000000da8000000)]
  0x000001f2348a9020 JavaThread "Service Thread" daemon [_thread_blocked, id=1696, stack(0x0000000da8000000,0x0000000da8100000)]
  0x000001f2348aa1c0 JavaThread "Monitor Deflation Thread" daemon [_thread_blocked, id=3972, stack(0x0000000da8100000,0x0000000da8200000)]
  0x000001f2348b0ba0 JavaThread "C2 CompilerThread0" daemon [_thread_blocked, id=10424, stack(0x0000000da8200000,0x0000000da8300000)]
  0x000001f2348b5600 JavaThread "C1 CompilerThread0" daemon [_thread_blocked, id=17976, stack(0x0000000da8300000,0x0000000da8400000)]
  0x000001f2348c83e0 JavaThread "Sweeper thread" daemon [_thread_blocked, id=24532, stack(0x0000000da8400000,0x0000000da8500000)]
  0x000001f234a2c040 JavaThread "Notification Thread" daemon [_thread_blocked, id=21960, stack(0x0000000da8700000,0x0000000da8800000)]
  0x000001f234a3d2f0 JavaThread "Common-Cleaner" daemon [_thread_blocked, id=9092, stack(0x0000000da8900000,0x0000000da8a00000)]

Other Threads:
  0x000001f23485cf10 VMThread "VM Thread" [stack: 0x0000000da7b00000,0x0000000da7c00000] [id=16964]
  0x000001f234a2d570 WatcherThread [stack: 0x0000000da8800000,0x0000000da8900000] [id=21976]
  0x000001f20acf0e70 GCTaskThread "GC Thread#0" [stack: 0x0000000da7600000,0x0000000da7700000] [id=16692]
  0x000001f2352d4d20 GCTaskThread "GC Thread#1" [stack: 0x0000000da9000000,0x0000000da9100000] [id=19192]
  0x000001f2356966a0 GCTaskThread "GC Thread#2" [stack: 0x0000000da9100000,0x0000000da9200000] [id=21516]
  0x000001f2356969b0 GCTaskThread "GC Thread#3" [stack: 0x0000000da9200000,0x0000000da9300000] [id=24988]
  0x000001f2352bf7a0 GCTaskThread "GC Thread#4" [stack: 0x0000000da9300000,0x0000000da9400000] [id=2532]
  0x000001f2356fafa0 GCTaskThread "GC Thread#5" [stack: 0x0000000da9400000,0x0000000da9500000] [id=6684]
  0x000001f2356fb2b0 GCTaskThread "GC Thread#6" [stack: 0x0000000da9500000,0x0000000da9600000] [id=14640]
  0x000001f234e5cb30 GCTaskThread "GC Thread#7" [stack: 0x0000000da9600000,0x0000000da9700000] [id=11160]
  0x000001f234e5ce40 GCTaskThread "GC Thread#8" [stack: 0x0000000da9700000,0x0000000da9800000] [id=20100]
  0x000001f23569edf0 GCTaskThread "GC Thread#9" [stack: 0x0000000da9800000,0x0000000da9900000] [id=14472]
  0x000001f23569f100 GCTaskThread "GC Thread#10" [stack: 0x0000000da9900000,0x0000000da9a00000] [id=22968]
  0x000001f23569f410 GCTaskThread "GC Thread#11" [stack: 0x0000000da9a00000,0x0000000da9b00000] [id=4340]
  0x000001f235644070 GCTaskThread "GC Thread#12" [stack: 0x0000000da8b00000,0x0000000da8c00000] [id=13132]
  0x000001f2372ce180 GCTaskThread "GC Thread#13" [stack: 0x0000000da8c00000,0x0000000da8d00000] [id=15864]
  0x000001f235411660 GCTaskThread "GC Thread#14" [stack: 0x0000000da7200000,0x0000000da7300000] [id=22872]
  0x000001f20ad03660 ConcurrentGCThread "G1 Main Marker" [stack: 0x0000000da7700000,0x0000000da7800000] [id=13328]
  0x000001f20ad040d0 ConcurrentGCThread "G1 Conc#0" [stack: 0x0000000da7800000,0x0000000da7900000] [id=5916]
  0x000001f2356f3a40 ConcurrentGCThread "G1 Conc#1" [stack: 0x0000000da7300000,0x0000000da7400000] [id=11796]
  0x000001f2356f4060 ConcurrentGCThread "G1 Conc#2" [stack: 0x0000000da7400000,0x0000000da7500000] [id=5104]
  0x000001f2356f55d0 ConcurrentGCThread "G1 Conc#3" [stack: 0x0000000da8500000,0x0000000da8600000] [id=7312]
  0x000001f233ddc200 ConcurrentGCThread "G1 Refine#0" [stack: 0x0000000da7900000,0x0000000da7a00000] [id=1712]
  0x000001f233ddca90 ConcurrentGCThread "G1 Service" [stack: 0x0000000da7a00000,0x0000000da7b00000] [id=9080]

Threads with active compile tasks:

VM state: not at safepoint (normal execution)

VM Mutex/Monitor currently owned by a thread: None

Heap address: 0x0000000601000000, size: 8176 MB, Compressed Oops mode: Zero based, Oop shift amount: 3

CDS disabled.
Compressed class space mapped at: 0x0000000800000000-0x0000000840000000, reserved size: 1073741824
Narrow klass base: 0x0000000800000000, Narrow klass shift: 0, Narrow klass range: 0x40000000

GC Precious Log:
 CPUs: 20 total, 20 available
 Memory: 32689M
 Large Page Support: Disabled
 NUMA Support: Disabled
 Compressed Oops: Enabled (Zero based)
 Heap Region Size: 4M
 Heap Min Capacity: 8M
 Heap Initial Capacity: 512M
 Heap Max Capacity: 8176M
 Pre-touch: Disabled
 Parallel Workers: 15
 Concurrent Workers: 4
 Concurrent Refinement Workers: 15
 Periodic GC: Disabled

Heap:
 garbage-first heap   total 806912K, used 599770K [0x0000000601000000, 0x0000000800000000)
  region size 4096K, 20 young (81920K), 1 survivors (4096K)
 Metaspace       used 6171K, committed 6336K, reserved 1056768K
  class space    used 531K, committed 640K, reserved 1048576K

Heap Regions: E=young(eden), S=young(survivor), O=old, HS=humongous(starts), HC=humongous(continues), CS=collection set, F=free, OA=open archive, CA=closed archive, TAMS=top-at-mark-start (previous, next)
|   0|0x0000000601000000, 0x0000000601400000, 0x0000000601400000|100%| O|  |TAMS 0x0000000601000000, 0x0000000601000000| Untracked 
|   1|0x0000000601400000, 0x0000000601800000, 0x0000000601800000|100%| O|  |TAMS 0x0000000601800000, 0x0000000601400000| Untracked 
|   2|0x0000000601800000, 0x0000000601c00000, 0x0000000601c00000|100%| O|  |TAMS 0x0000000601800000, 0x0000000601800000| Untracked 
|   3|0x0000000601c00000, 0x0000000602000000, 0x0000000602000000|100%| O|  |TAMS 0x0000000601c00000, 0x0000000601c00000| Untracked 
|   4|0x0000000602000000, 0x0000000602400000, 0x0000000602400000|100%| O|  |TAMS 0x0000000602000000, 0x0000000602000000| Untracked 
|   5|0x0000000602400000, 0x0000000602800000, 0x0000000602800000|100%| O|  |TAMS 0x0000000602400000, 0x0000000602400000| Untracked 
|   6|0x0000000602800000, 0x0000000602c00000, 0x0000000602c00000|100%| O|  |TAMS 0x0000000602800000, 0x0000000602800000| Untracked 
|   7|0x0000000602c00000, 0x0000000603000000, 0x0000000603000000|100%| O|  |TAMS 0x0000000602c00000, 0x0000000602c00000| Untracked 
|   8|0x0000000603000000, 0x0000000603400000, 0x0000000603400000|100%| O|  |TAMS 0x0000000603000000, 0x0000000603000000| Untracked 
|   9|0x0000000603400000, 0x0000000603800000, 0x0000000603800000|100%| O|  |TAMS 0x0000000603400000, 0x0000000603400000| Untracked 
|  10|0x0000000603800000, 0x0000000603c00000, 0x0000000603c00000|100%| O|  |TAMS 0x0000000603800000, 0x0000000603800000| Untracked 
|  11|0x0000000603c00000, 0x0000000604000000, 0x0000000604000000|100%| O|  |TAMS 0x0000000603c00000, 0x0000000603c00000| Untracked 
|  12|0x0000000604000000, 0x0000000604400000, 0x0000000604400000|100%| O|  |TAMS 0x0000000604000000, 0x0000000604000000| Untracked 
|  13|0x0000000604400000, 0x0000000604800000, 0x0000000604800000|100%| O|  |TAMS 0x0000000604400000, 0x0000000604400000| Untracked 
|  14|0x0000000604800000, 0x0000000604c00000, 0x0000000604c00000|100%| O|  |TAMS 0x0000000604800000, 0x0000000604800000| Untracked 
|  15|0x0000000604c00000, 0x0000000605000000, 0x0000000605000000|100%| O|  |TAMS 0x0000000604c00000, 0x0000000604c00000| Untracked 
|  16|0x0000000605000000, 0x0000000605400000, 0x0000000605400000|100%| O|  |TAMS 0x0000000605000000, 0x0000000605000000| Untracked 
|  17|0x0000000605400000, 0x0000000605800000, 0x0000000605800000|100%| O|  |TAMS 0x0000000605400000, 0x0000000605400000| Untracked 
|  18|0x0000000605800000, 0x0000000605c00000, 0x0000000605c00000|100%| O|  |TAMS 0x0000000605800000, 0x0000000605800000| Untracked 
|  19|0x0000000605c00000, 0x0000000606000000, 0x0000000606000000|100%| O|  |TAMS 0x0000000605c00000, 0x0000000605c00000| Untracked 
|  20|0x0000000606000000, 0x0000000606400000, 0x0000000606400000|100%| O|  |TAMS 0x0000000606000000, 0x0000000606000000| Untracked 
|  21|0x0000000606400000, 0x0000000606800000, 0x0000000606800000|100%| O|  |TAMS 0x0000000606400000, 0x0000000606400000| Untracked 
|  22|0x0000000606800000, 0x0000000606c00000, 0x0000000606c00000|100%| O|  |TAMS 0x0000000606800000, 0x0000000606800000| Untracked 
|  23|0x0000000606c00000, 0x0000000607000000, 0x0000000607000000|100%| O|  |TAMS 0x0000000606c00000, 0x0000000606c00000| Untracked 
|  24|0x0000000607000000, 0x0000000607400000, 0x0000000607400000|100%| O|  |TAMS 0x0000000607000000, 0x0000000607000000| Untracked 
|  25|0x0000000607400000, 0x0000000607800000, 0x0000000607800000|100%| O|  |TAMS 0x0000000607400000, 0x0000000607400000| Untracked 
|  26|0x0000000607800000, 0x0000000607c00000, 0x0000000607c00000|100%| O|  |TAMS 0x0000000607800000, 0x0000000607800000| Untracked 
|  27|0x0000000607c00000, 0x0000000608000000, 0x0000000608000000|100%| O|  |TAMS 0x0000000607c00000, 0x0000000607c00000| Untracked 
|  28|0x0000000608000000, 0x0000000608400000, 0x0000000608400000|100%| O|  |TAMS 0x0000000608000000, 0x0000000608000000| Untracked 
|  29|0x0000000608400000, 0x0000000608800000, 0x0000000608800000|100%| O|  |TAMS 0x0000000608400000, 0x0000000608400000| Untracked 
|  30|0x0000000608800000, 0x0000000608c00000, 0x0000000608c00000|100%| O|  |TAMS 0x0000000608800000, 0x0000000608800000| Untracked 
|  31|0x0000000608c00000, 0x0000000609000000, 0x0000000609000000|100%| O|  |TAMS 0x0000000608c00000, 0x0000000608c00000| Untracked 
|  32|0x0000000609000000, 0x0000000609400000, 0x0000000609400000|100%| O|  |TAMS 0x0000000609000000, 0x0000000609000000| Untracked 
|  33|0x0000000609400000, 0x0000000609800000, 0x0000000609800000|100%| O|  |TAMS 0x0000000609400000, 0x0000000609400000| Untracked 
|  34|0x0000000609800000, 0x0000000609c00000, 0x0000000609c00000|100%| O|  |TAMS 0x0000000609800000, 0x0000000609800000| Untracked 
|  35|0x0000000609c00000, 0x000000060a000000, 0x000000060a000000|100%| O|  |TAMS 0x0000000609c00000, 0x0000000609c00000| Untracked 
|  36|0x000000060a000000, 0x000000060a400000, 0x000000060a400000|100%| O|  |TAMS 0x000000060a000000, 0x000000060a000000| Untracked 
|  37|0x000000060a400000, 0x000000060a800000, 0x000000060a800000|100%| O|  |TAMS 0x000000060a400000, 0x000000060a400000| Untracked 
|  38|0x000000060a800000, 0x000000060ac00000, 0x000000060ac00000|100%| O|  |TAMS 0x000000060a800000, 0x000000060a800000| Untracked 
|  39|0x000000060ac00000, 0x000000060b000000, 0x000000060b000000|100%| O|  |TAMS 0x000000060ac00000, 0x000000060ac00000| Untracked 
|  40|0x000000060b000000, 0x000000060b400000, 0x000000060b400000|100%| O|  |TAMS 0x000000060b000000, 0x000000060b000000| Untracked 
|  41|0x000000060b400000, 0x000000060b800000, 0x000000060b800000|100%| O|  |TAMS 0x000000060b400000, 0x000000060b400000| Untracked 
|  42|0x000000060b800000, 0x000000060bc00000, 0x000000060bc00000|100%| O|  |TAMS 0x000000060b800000, 0x000000060b800000| Untracked 
|  43|0x000000060bc00000, 0x000000060c000000, 0x000000060c000000|100%| O|  |TAMS 0x000000060bc00000, 0x000000060bc00000| Untracked 
|  44|0x000000060c000000, 0x000000060c400000, 0x000000060c400000|100%| O|  |TAMS 0x000000060c000000, 0x000000060c000000| Untracked 
|  45|0x000000060c400000, 0x000000060c800000, 0x000000060c800000|100%| O|  |TAMS 0x000000060c400000, 0x000000060c400000| Untracked 
|  46|0x000000060c800000, 0x000000060cc00000, 0x000000060cc00000|100%| O|  |TAMS 0x000000060c800000, 0x000000060c800000| Untracked 
|  47|0x000000060cc00000, 0x000000060d000000, 0x000000060d000000|100%| O|  |TAMS 0x000000060cc00000, 0x000000060cc00000| Untracked 
|  48|0x000000060d000000, 0x000000060d400000, 0x000000060d400000|100%| O|  |TAMS 0x000000060d000000, 0x000000060d000000| Untracked 
|  49|0x000000060d400000, 0x000000060d800000, 0x000000060d800000|100%| O|  |TAMS 0x000000060d400000, 0x000000060d400000| Untracked 
|  50|0x000000060d800000, 0x000000060dc00000, 0x000000060dc00000|100%| O|  |TAMS 0x000000060d800000, 0x000000060d800000| Untracked 
|  51|0x000000060dc00000, 0x000000060e000000, 0x000000060e000000|100%| O|  |TAMS 0x000000060dc00000, 0x000000060dc00000| Untracked 
|  52|0x000000060e000000, 0x000000060e400000, 0x000000060e400000|100%| O|  |TAMS 0x000000060e000000, 0x000000060e000000| Untracked 
|  53|0x000000060e400000, 0x000000060e800000, 0x000000060e800000|100%| O|  |TAMS 0x000000060e400000, 0x000000060e400000| Untracked 
|  54|0x000000060e800000, 0x000000060ec00000, 0x000000060ec00000|100%| O|  |TAMS 0x000000060e800000, 0x000000060e800000| Untracked 
|  55|0x000000060ec00000, 0x000000060f000000, 0x000000060f000000|100%| O|  |TAMS 0x000000060ec00000, 0x000000060ec00000| Untracked 
|  56|0x000000060f000000, 0x000000060f400000, 0x000000060f400000|100%| O|  |TAMS 0x000000060f000000, 0x000000060f000000| Untracked 
|  57|0x000000060f400000, 0x000000060f800000, 0x000000060f800000|100%| O|  |TAMS 0x000000060f400000, 0x000000060f400000| Untracked 
|  58|0x000000060f800000, 0x000000060fc00000, 0x000000060fc00000|100%| O|  |TAMS 0x000000060f800000, 0x000000060f800000| Untracked 
|  59|0x000000060fc00000, 0x0000000610000000, 0x0000000610000000|100%| O|  |TAMS 0x000000060fc00000, 0x000000060fc00000| Untracked 
|  60|0x0000000610000000, 0x0000000610400000, 0x0000000610400000|100%| O|  |TAMS 0x0000000610000000, 0x0000000610000000| Untracked 
|  61|0x0000000610400000, 0x0000000610800000, 0x0000000610800000|100%| O|  |TAMS 0x0000000610400000, 0x0000000610400000| Untracked 
|  62|0x0000000610800000, 0x0000000610c00000, 0x0000000610c00000|100%| O|  |TAMS 0x0000000610800000, 0x0000000610800000| Untracked 
|  63|0x0000000610c00000, 0x0000000611000000, 0x0000000611000000|100%| O|  |TAMS 0x0000000610c00000, 0x0000000610c00000| Untracked 
|  64|0x0000000611000000, 0x0000000611400000, 0x0000000611400000|100%| O|  |TAMS 0x0000000611000000, 0x0000000611000000| Untracked 
|  65|0x0000000611400000, 0x0000000611800000, 0x0000000611800000|100%| O|  |TAMS 0x0000000611400000, 0x0000000611400000| Untracked 
|  66|0x0000000611800000, 0x0000000611c00000, 0x0000000611c00000|100%| O|  |TAMS 0x0000000611800000, 0x0000000611800000| Untracked 
|  67|0x0000000611c00000, 0x0000000612000000, 0x0000000612000000|100%| O|  |TAMS 0x0000000611c00000, 0x0000000611c00000| Untracked 
|  68|0x0000000612000000, 0x0000000612400000, 0x0000000612400000|100%| O|  |TAMS 0x0000000612000000, 0x0000000612000000| Untracked 
|  69|0x0000000612400000, 0x0000000612800000, 0x0000000612800000|100%| O|  |TAMS 0x0000000612800000, 0x0000000612400000| Untracked 
|  70|0x0000000612800000, 0x0000000612c00000, 0x0000000612c00000|100%| O|  |TAMS 0x0000000612800000, 0x0000000612800000| Untracked 
|  71|0x0000000612c00000, 0x0000000613000000, 0x0000000613000000|100%| O|  |TAMS 0x0000000612c00000, 0x0000000612c00000| Untracked 
|  72|0x0000000613000000, 0x0000000613400000, 0x0000000613400000|100%| O|  |TAMS 0x0000000613000000, 0x0000000613000000| Untracked 
|  73|0x0000000613400000, 0x0000000613800000, 0x0000000613800000|100%| O|  |TAMS 0x0000000613400000, 0x0000000613400000| Untracked 
|  74|0x0000000613800000, 0x0000000613c00000, 0x0000000613c00000|100%| O|  |TAMS 0x0000000613800000, 0x0000000613800000| Untracked 
|  75|0x0000000613c00000, 0x0000000614000000, 0x0000000614000000|100%| O|  |TAMS 0x0000000613c00000, 0x0000000613c00000| Untracked 
|  76|0x0000000614000000, 0x0000000614400000, 0x0000000614400000|100%| O|  |TAMS 0x0000000614000000, 0x0000000614000000| Untracked 
|  77|0x0000000614400000, 0x0000000614800000, 0x0000000614800000|100%| O|  |TAMS 0x0000000614400000, 0x0000000614400000| Untracked 
|  78|0x0000000614800000, 0x0000000614c00000, 0x0000000614c00000|100%| O|  |TAMS 0x0000000614800000, 0x0000000614800000| Untracked 
|  79|0x0000000614c00000, 0x0000000615000000, 0x0000000615000000|100%| O|  |TAMS 0x0000000614c00000, 0x0000000614c00000| Untracked 
|  80|0x0000000615000000, 0x0000000615400000, 0x0000000615400000|100%| O|  |TAMS 0x0000000615000000, 0x0000000615000000| Untracked 
|  81|0x0000000615400000, 0x0000000615800000, 0x0000000615800000|100%| O|  |TAMS 0x0000000615400000, 0x0000000615400000| Untracked 
|  82|0x0000000615800000, 0x0000000615c00000, 0x0000000615c00000|100%| O|  |TAMS 0x0000000615800000, 0x0000000615800000| Untracked 
|  83|0x0000000615c00000, 0x0000000616000000, 0x0000000616000000|100%| O|  |TAMS 0x0000000615c00000, 0x0000000615c00000| Untracked 
|  84|0x0000000616000000, 0x0000000616400000, 0x0000000616400000|100%| O|  |TAMS 0x0000000616000000, 0x0000000616000000| Untracked 
|  85|0x0000000616400000, 0x0000000616800000, 0x0000000616800000|100%| O|  |TAMS 0x0000000616400000, 0x0000000616400000| Untracked 
|  86|0x0000000616800000, 0x0000000616c00000, 0x0000000616c00000|100%| O|  |TAMS 0x0000000616800000, 0x0000000616800000| Untracked 
|  87|0x0000000616c00000, 0x0000000617000000, 0x0000000617000000|100%| O|  |TAMS 0x0000000616c00000, 0x0000000616c00000| Untracked 
|  88|0x0000000617000000, 0x0000000617400000, 0x0000000617400000|100%| O|  |TAMS 0x0000000617000000, 0x0000000617000000| Untracked 
|  89|0x0000000617400000, 0x0000000617800000, 0x0000000617800000|100%| O|  |TAMS 0x0000000617400000, 0x0000000617400000| Untracked 
|  90|0x0000000617800000, 0x0000000617c00000, 0x0000000617c00000|100%| O|  |TAMS 0x0000000617800000, 0x0000000617800000| Untracked 
|  91|0x0000000617c00000, 0x0000000618000000, 0x0000000618000000|100%| O|  |TAMS 0x0000000617c00000, 0x0000000617c00000| Untracked 
|  92|0x0000000618000000, 0x0000000618400000, 0x0000000618400000|100%| O|  |TAMS 0x0000000618000000, 0x0000000618000000| Untracked 
|  93|0x0000000618400000, 0x0000000618800000, 0x0000000618800000|100%| O|  |TAMS 0x0000000618400000, 0x0000000618400000| Untracked 
|  94|0x0000000618800000, 0x0000000618c00000, 0x0000000618c00000|100%| O|  |TAMS 0x0000000618800000, 0x0000000618800000| Untracked 
|  95|0x0000000618c00000, 0x0000000619000000, 0x0000000619000000|100%| O|  |TAMS 0x0000000618c00000, 0x0000000618c00000| Untracked 
|  96|0x0000000619000000, 0x0000000619400000, 0x0000000619400000|100%| O|  |TAMS 0x0000000619000000, 0x0000000619000000| Untracked 
|  97|0x0000000619400000, 0x0000000619800000, 0x0000000619800000|100%| O|  |TAMS 0x0000000619400000, 0x0000000619400000| Untracked 
|  98|0x0000000619800000, 0x0000000619c00000, 0x0000000619c00000|100%| O|  |TAMS 0x0000000619800000, 0x0000000619800000| Untracked 
|  99|0x0000000619c00000, 0x000000061a000000, 0x000000061a000000|100%| O|  |TAMS 0x0000000619c00000, 0x0000000619c00000| Untracked 
| 100|0x000000061a000000, 0x000000061a400000, 0x000000061a400000|100%| O|  |TAMS 0x000000061a000000, 0x000000061a000000| Untracked 
| 101|0x000000061a400000, 0x000000061a800000, 0x000000061a800000|100%| O|  |TAMS 0x000000061a400000, 0x000000061a400000| Untracked 
| 102|0x000000061a800000, 0x000000061ac00000, 0x000000061ac00000|100%| O|  |TAMS 0x000000061a800000, 0x000000061a800000| Untracked 
| 103|0x000000061ac00000, 0x000000061b000000, 0x000000061b000000|100%| O|  |TAMS 0x000000061ac00000, 0x000000061ac00000| Untracked 
| 104|0x000000061b000000, 0x000000061b400000, 0x000000061b400000|100%| O|  |TAMS 0x000000061b000000, 0x000000061b000000| Untracked 
| 105|0x000000061b400000, 0x000000061b800000, 0x000000061b800000|100%| O|  |TAMS 0x000000061b400000, 0x000000061b400000| Untracked 
| 106|0x000000061b800000, 0x000000061bc00000, 0x000000061bc00000|100%| O|  |TAMS 0x000000061b800000, 0x000000061b800000| Untracked 
| 107|0x000000061bc00000, 0x000000061c000000, 0x000000061c000000|100%| O|  |TAMS 0x000000061bc00000, 0x000000061bc00000| Untracked 
| 108|0x000000061c000000, 0x000000061c400000, 0x000000061c400000|100%| O|  |TAMS 0x000000061c000000, 0x000000061c000000| Untracked 
| 109|0x000000061c400000, 0x000000061c800000, 0x000000061c800000|100%| O|  |TAMS 0x000000061c400000, 0x000000061c400000| Untracked 
| 110|0x000000061c800000, 0x000000061cc00000, 0x000000061cc00000|100%| O|  |TAMS 0x000000061c800000, 0x000000061c800000| Untracked 
| 111|0x000000061cc00000, 0x000000061d000000, 0x000000061d000000|100%| O|  |TAMS 0x000000061cc00000, 0x000000061cc00000| Untracked 
| 112|0x000000061d000000, 0x000000061d400000, 0x000000061d400000|100%| O|  |TAMS 0x000000061d000000, 0x000000061d000000| Untracked 
| 113|0x000000061d400000, 0x000000061d800000, 0x000000061d800000|100%| O|  |TAMS 0x000000061d400000, 0x000000061d400000| Untracked 
| 114|0x000000061d800000, 0x000000061dc00000, 0x000000061dc00000|100%| O|  |TAMS 0x000000061d800000, 0x000000061d800000| Untracked 
| 115|0x000000061dc00000, 0x000000061e000000, 0x000000061e000000|100%| O|  |TAMS 0x000000061dc00000, 0x000000061dc00000| Untracked 
| 116|0x000000061e000000, 0x000000061e400000, 0x000000061e400000|100%| O|  |TAMS 0x000000061e000000, 0x000000061e000000| Untracked 
| 117|0x000000061e400000, 0x000000061e800000, 0x000000061e800000|100%| O|  |TAMS 0x000000061e400000, 0x000000061e400000| Untracked 
| 118|0x000000061e800000, 0x000000061ec00000, 0x000000061ec00000|100%| O|  |TAMS 0x000000061e800000, 0x000000061e800000| Untracked 
| 119|0x000000061ec00000, 0x000000061f000000, 0x000000061f000000|100%| O|  |TAMS 0x000000061ec00000, 0x000000061ec00000| Untracked 
| 120|0x000000061f000000, 0x000000061f400000, 0x000000061f400000|100%| O|  |TAMS 0x000000061f000000, 0x000000061f000000| Untracked 
| 121|0x000000061f400000, 0x000000061f800000, 0x000000061f800000|100%| O|  |TAMS 0x000000061f400000, 0x000000061f400000| Untracked 
| 122|0x000000061f800000, 0x000000061fc00000, 0x000000061fc00000|100%| O|  |TAMS 0x000000061f800000, 0x000000061f800000| Untracked 
| 123|0x000000061fc00000, 0x0000000620000000, 0x0000000620000000|100%| O|  |TAMS 0x000000061fc00000, 0x000000061fc00000| Untracked 
| 124|0x0000000620000000, 0x0000000620400000, 0x0000000620400000|100%| O|  |TAMS 0x0000000620000000, 0x0000000620000000| Untracked 
| 125|0x0000000620400000, 0x0000000620800000, 0x0000000620800000|100%| O|  |TAMS 0x0000000620400000, 0x0000000620400000| Untracked 
| 126|0x0000000620800000, 0x0000000620c00000, 0x0000000620c00000|100%| O|  |TAMS 0x0000000620800000, 0x0000000620800000| Untracked 
| 127|0x0000000620c00000, 0x0000000621000000, 0x0000000621000000|100%| O|  |TAMS 0x0000000620c00000, 0x0000000620c00000| Untracked 
| 128|0x0000000621000000, 0x0000000621137400, 0x0000000621400000| 30%| O|  |TAMS 0x0000000621000000, 0x0000000621000000| Untracked 
| 129|0x0000000621400000, 0x0000000621400000, 0x0000000621800000|  0%| F|  |TAMS 0x0000000621400000, 0x0000000621400000| Untracked 
| 130|0x0000000621800000, 0x0000000621800000, 0x0000000621c00000|  0%| F|  |TAMS 0x0000000621800000, 0x0000000621800000| Untracked 
| 131|0x0000000621c00000, 0x0000000621c00000, 0x0000000622000000|  0%| F|  |TAMS 0x0000000621c00000, 0x0000000621c00000| Untracked 
| 132|0x0000000622000000, 0x0000000622000000, 0x0000000622400000|  0%| F|  |TAMS 0x0000000622000000, 0x0000000622000000| Untracked 
| 133|0x0000000622400000, 0x0000000622400000, 0x0000000622800000|  0%| F|  |TAMS 0x0000000622400000, 0x0000000622400000| Untracked 
| 134|0x0000000622800000, 0x0000000622800000, 0x0000000622c00000|  0%| F|  |TAMS 0x0000000622800000, 0x0000000622800000| Untracked 
| 135|0x0000000622c00000, 0x0000000622c00000, 0x0000000623000000|  0%| F|  |TAMS 0x0000000622c00000, 0x0000000622c00000| Untracked 
| 136|0x0000000623000000, 0x0000000623000000, 0x0000000623400000|  0%| F|  |TAMS 0x0000000623000000, 0x0000000623000000| Untracked 
| 137|0x0000000623400000, 0x0000000623400000, 0x0000000623800000|  0%| F|  |TAMS 0x0000000623400000, 0x0000000623400000| Untracked 
| 138|0x0000000623800000, 0x0000000623800000, 0x0000000623c00000|  0%| F|  |TAMS 0x0000000623800000, 0x0000000623800000| Untracked 
| 139|0x0000000623c00000, 0x0000000623c00000, 0x0000000624000000|  0%| F|  |TAMS 0x0000000623c00000, 0x0000000623c00000| Untracked 
| 140|0x0000000624000000, 0x0000000624000000, 0x0000000624400000|  0%| F|  |TAMS 0x0000000624000000, 0x0000000624000000| Untracked 
| 141|0x0000000624400000, 0x0000000624400000, 0x0000000624800000|  0%| F|  |TAMS 0x0000000624400000, 0x0000000624400000| Untracked 
| 142|0x0000000624800000, 0x0000000624800000, 0x0000000624c00000|  0%| F|  |TAMS 0x0000000624800000, 0x0000000624800000| Untracked 
| 143|0x0000000624c00000, 0x0000000624c00000, 0x0000000625000000|  0%| F|  |TAMS 0x0000000624c00000, 0x0000000624c00000| Untracked 
| 144|0x0000000625000000, 0x0000000625000000, 0x0000000625400000|  0%| F|  |TAMS 0x0000000625000000, 0x0000000625000000| Untracked 
| 145|0x0000000625400000, 0x0000000625400000, 0x0000000625800000|  0%| F|  |TAMS 0x0000000625400000, 0x0000000625400000| Untracked 
| 146|0x0000000625800000, 0x0000000625800000, 0x0000000625c00000|  0%| F|  |TAMS 0x0000000625800000, 0x0000000625800000| Untracked 
| 147|0x0000000625c00000, 0x0000000625c00000, 0x0000000626000000|  0%| F|  |TAMS 0x0000000625c00000, 0x0000000625c00000| Untracked 
| 148|0x0000000626000000, 0x0000000626000000, 0x0000000626400000|  0%| F|  |TAMS 0x0000000626000000, 0x0000000626000000| Untracked 
| 149|0x0000000626400000, 0x0000000626400000, 0x0000000626800000|  0%| F|  |TAMS 0x0000000626400000, 0x0000000626400000| Untracked 
| 150|0x0000000626800000, 0x000000062687f480, 0x0000000626c00000| 12%| S|CS|TAMS 0x0000000626800000, 0x0000000626800000| Complete 
| 151|0x0000000626c00000, 0x0000000626c00000, 0x0000000627000000|  0%| F|  |TAMS 0x0000000626c00000, 0x0000000626c00000| Untracked 
| 152|0x0000000627000000, 0x0000000627000000, 0x0000000627400000|  0%| F|  |TAMS 0x0000000627000000, 0x0000000627000000| Untracked 
| 153|0x0000000627400000, 0x0000000627400000, 0x0000000627800000|  0%| F|  |TAMS 0x0000000627400000, 0x0000000627400000| Untracked 
| 154|0x0000000627800000, 0x0000000627800000, 0x0000000627c00000|  0%| F|  |TAMS 0x0000000627800000, 0x0000000627800000| Untracked 
| 155|0x0000000627c00000, 0x0000000627c00000, 0x0000000628000000|  0%| F|  |TAMS 0x0000000627c00000, 0x0000000627c00000| Untracked 
| 156|0x0000000628000000, 0x0000000628000000, 0x0000000628400000|  0%| F|  |TAMS 0x0000000628000000, 0x0000000628000000| Untracked 
| 157|0x0000000628400000, 0x0000000628400000, 0x0000000628800000|  0%| F|  |TAMS 0x0000000628400000, 0x0000000628400000| Untracked 
| 158|0x0000000628800000, 0x0000000628800000, 0x0000000628c00000|  0%| F|  |TAMS 0x0000000628800000, 0x0000000628800000| Untracked 
| 159|0x0000000628c00000, 0x0000000628c00000, 0x0000000629000000|  0%| F|  |TAMS 0x0000000628c00000, 0x0000000628c00000| Untracked 
| 160|0x0000000629000000, 0x0000000629000000, 0x0000000629400000|  0%| F|  |TAMS 0x0000000629000000, 0x0000000629000000| Untracked 
| 161|0x0000000629400000, 0x0000000629400000, 0x0000000629800000|  0%| F|  |TAMS 0x0000000629400000, 0x0000000629400000| Untracked 
| 162|0x0000000629800000, 0x0000000629800000, 0x0000000629c00000|  0%| F|  |TAMS 0x0000000629800000, 0x0000000629800000| Untracked 
| 163|0x0000000629c00000, 0x0000000629c00000, 0x000000062a000000|  0%| F|  |TAMS 0x0000000629c00000, 0x0000000629c00000| Untracked 
| 164|0x000000062a000000, 0x000000062a000000, 0x000000062a400000|  0%| F|  |TAMS 0x000000062a000000, 0x000000062a000000| Untracked 
| 165|0x000000062a400000, 0x000000062a400000, 0x000000062a800000|  0%| F|  |TAMS 0x000000062a400000, 0x000000062a400000| Untracked 
| 166|0x000000062a800000, 0x000000062a800000, 0x000000062ac00000|  0%| F|  |TAMS 0x000000062a800000, 0x000000062a800000| Untracked 
| 167|0x000000062ac00000, 0x000000062ac00000, 0x000000062b000000|  0%| F|  |TAMS 0x000000062ac00000, 0x000000062ac00000| Untracked 
| 168|0x000000062b000000, 0x000000062b000000, 0x000000062b400000|  0%| F|  |TAMS 0x000000062b000000, 0x000000062b000000| Untracked 
| 169|0x000000062b400000, 0x000000062b400000, 0x000000062b800000|  0%| F|  |TAMS 0x000000062b400000, 0x000000062b400000| Untracked 
| 170|0x000000062b800000, 0x000000062b800000, 0x000000062bc00000|  0%| F|  |TAMS 0x000000062b800000, 0x000000062b800000| Untracked 
| 171|0x000000062bc00000, 0x000000062bc00000, 0x000000062c000000|  0%| F|  |TAMS 0x000000062bc00000, 0x000000062bc00000| Untracked 
| 172|0x000000062c000000, 0x000000062c000000, 0x000000062c400000|  0%| F|  |TAMS 0x000000062c000000, 0x000000062c000000| Untracked 
| 173|0x000000062c400000, 0x000000062c400000, 0x000000062c800000|  0%| F|  |TAMS 0x000000062c400000, 0x000000062c400000| Untracked 
| 174|0x000000062c800000, 0x000000062c800000, 0x000000062cc00000|  0%| F|  |TAMS 0x000000062c800000, 0x000000062c800000| Untracked 
| 175|0x000000062cc00000, 0x000000062cc00000, 0x000000062d000000|  0%| F|  |TAMS 0x000000062cc00000, 0x000000062cc00000| Untracked 
| 176|0x000000062d000000, 0x000000062d000000, 0x000000062d400000|  0%| F|  |TAMS 0x000000062d000000, 0x000000062d000000| Untracked 
| 177|0x000000062d400000, 0x000000062d400000, 0x000000062d800000|  0%| F|  |TAMS 0x000000062d400000, 0x000000062d400000| Untracked 
| 178|0x000000062d800000, 0x000000062da00800, 0x000000062dc00000| 50%| E|  |TAMS 0x000000062d800000, 0x000000062d800000| Complete 
| 179|0x000000062dc00000, 0x000000062e000000, 0x000000062e000000|100%| E|CS|TAMS 0x000000062dc00000, 0x000000062dc00000| Complete 
| 180|0x000000062e000000, 0x000000062e400000, 0x000000062e400000|100%| E|CS|TAMS 0x000000062e000000, 0x000000062e000000| Complete 
| 181|0x000000062e400000, 0x000000062e800000, 0x000000062e800000|100%| E|CS|TAMS 0x000000062e400000, 0x000000062e400000| Complete 
| 182|0x000000062e800000, 0x000000062ec00000, 0x000000062ec00000|100%| E|CS|TAMS 0x000000062e800000, 0x000000062e800000| Complete 
| 183|0x000000062ec00000, 0x000000062f000000, 0x000000062f000000|100%| E|CS|TAMS 0x000000062ec00000, 0x000000062ec00000| Complete 
| 184|0x000000062f000000, 0x000000062f400000, 0x000000062f400000|100%| E|CS|TAMS 0x000000062f000000, 0x000000062f000000| Complete 
| 185|0x000000062f400000, 0x000000062f800000, 0x000000062f800000|100%| E|CS|TAMS 0x000000062f400000, 0x000000062f400000| Complete 
| 186|0x000000062f800000, 0x000000062fc00000, 0x000000062fc00000|100%| E|CS|TAMS 0x000000062f800000, 0x000000062f800000| Complete 
| 187|0x000000062fc00000, 0x0000000630000000, 0x0000000630000000|100%| E|CS|TAMS 0x000000062fc00000, 0x000000062fc00000| Complete 
| 188|0x0000000630000000, 0x0000000630400000, 0x0000000630400000|100%| E|CS|TAMS 0x0000000630000000, 0x0000000630000000| Complete 
| 189|0x0000000630400000, 0x0000000630800000, 0x0000000630800000|100%| E|CS|TAMS 0x0000000630400000, 0x0000000630400000| Complete 
| 190|0x0000000630800000, 0x0000000630c00000, 0x0000000630c00000|100%| E|CS|TAMS 0x0000000630800000, 0x0000000630800000| Complete 
| 191|0x0000000630c00000, 0x0000000631000000, 0x0000000631000000|100%| E|CS|TAMS 0x0000000630c00000, 0x0000000630c00000| Complete 
| 192|0x0000000631000000, 0x0000000631400000, 0x0000000631400000|100%| E|CS|TAMS 0x0000000631000000, 0x0000000631000000| Complete 
| 193|0x0000000631400000, 0x0000000631800000, 0x0000000631800000|100%| E|CS|TAMS 0x0000000631400000, 0x0000000631400000| Complete 
| 194|0x0000000631800000, 0x0000000631c00000, 0x0000000631c00000|100%| E|CS|TAMS 0x0000000631800000, 0x0000000631800000| Complete 
| 195|0x0000000631c00000, 0x0000000632000000, 0x0000000632000000|100%| E|CS|TAMS 0x0000000631c00000, 0x0000000631c00000| Complete 
| 196|0x0000000632000000, 0x0000000632400000, 0x0000000632400000|100%| E|CS|TAMS 0x0000000632000000, 0x0000000632000000| Complete 

Card table byte_map: [0x000001f21ec90000,0x000001f21fc90000] _byte_map_base: 0x000001f21bc88000

Marking Bits (Prev, Next): (CMBitMap*) 0x000001f20acf15a0, (CMBitMap*) 0x000001f20acf1560
 Prev Bits: [0x000001f228c50000, 0x000001f230c10000)
 Next Bits: [0x000001f220c90000, 0x000001f228c50000)

Polling page: 0x000001f208ba0000

Metaspace:

Usage:
  Non-class:      5.51 MB used.
      Class:    531.53 KB used.
       Both:      6.03 MB used.

Virtual space:
  Non-class space:        8.00 MB reserved,       5.56 MB ( 70%) committed,  1 nodes.
      Class space:        1.00 GB reserved,     640.00 KB ( <1%) committed,  1 nodes.
              Both:        1.01 GB reserved,       6.19 MB ( <1%) committed. 

Chunk freelists:
   Non-Class:  2.47 MB
       Class:  3.23 MB
        Both:  5.70 MB

MaxMetaspaceSize: 17179869184.00 GB
CompressedClassSpaceSize: 1.00 GB
 - commit_granule_bytes: 65536.
 - commit_granule_words: 8192.
 - virtual_space_node_default_size: 1048576.
 - enlarge_chunks_in_place: 1.
 - new_chunks_are_fully_committed: 0.
 - uncommit_free_chunks: 1.
 - use_allocation_guard: 0.
 - handle_deallocations: 1.


Internal statistics:

num_allocs_failed_limit: 0.
num_arena_births: 10.
num_arena_deaths: 0.
num_vsnodes_births: 2.
num_vsnodes_deaths: 0.
num_space_committed: 99.
num_space_uncommitted: 0.
num_chunks_returned_to_freelist: 0.
num_chunks_taken_from_freelist: 47.
num_chunk_merges: 0.
num_chunk_splits: 26.
num_chunks_enlarged: 23.
num_purges: 0.

CodeHeap 'non-profiled nmethods': size=119168Kb used=1063Kb max_used=1063Kb free=118104Kb
 bounds [0x000001f215d90000, 0x000001f216000000, 0x000001f21d1f0000]
CodeHeap 'profiled nmethods': size=119104Kb used=988Kb max_used=988Kb free=118115Kb
 bounds [0x000001f20e940000, 0x000001f20ebb0000, 0x000001f215d90000]
CodeHeap 'non-nmethods': size=7488Kb used=1080Kb max_used=2814Kb free=6407Kb
 bounds [0x000001f20e1f0000, 0x000001f20e4c0000, 0x000001f20e940000]
 total_blobs=1038 nmethods=699 adapters=252
 compilation: enabled
              stopped_count=0, restarted_count=0
 full_count=0

Compilation events (20 events):
Event: 13.936 Thread 0x000001f235203970  689 %     4       DeLP_GDPR.commons.util.rules.Derivation::allDerivations @ 156 (504 bytes)
Event: 14.132 Thread 0x000001f235203970 nmethod 689% 0x000001f215e54f10 code [0x000001f215e55520, 0x000001f215e5c1f0]
Event: 14.322 Thread 0x000001f235203970  690       4       DeLP_GDPR.commons.util.rules.Derivation::allDerivations (504 bytes)
Event: 14.460 Thread 0x000001f235203970 nmethod 690 0x000001f215e5fd90 code [0x000001f215e60460, 0x000001f215e66e78]
Event: 14.467 Thread 0x000001f235203970  691 %     4       DeLP_GDPR.commons.util.rules.Derivation::allDerivations @ 87 (504 bytes)
Event: 14.636 Thread 0x000001f235203970 nmethod 691% 0x000001f215e6ae90 code [0x000001f215e6b4c0, 0x000001f215e72170]
Event: 14.684 Thread 0x000001f235203970  692 %     4       DeLP_GDPR.commons.util.rules.Derivation::allDerivations @ 401 (504 bytes)
Event: 14.831 Thread 0x000001f235203970 nmethod 692% 0x000001f215e75f10 code [0x000001f215e76580, 0x000001f215e7d650]
Event: 44.344 Thread 0x000001f2348b0ba0  693 %     4       DeLP_GDPR.commons.util.rules.Derivation::allDerivations @ 371 (504 bytes)
Event: 44.560 Thread 0x000001f2348b0ba0 nmethod 693% 0x000001f215e81910 code [0x000001f215e81f60, 0x000001f215e89990]
Event: 44.577 Thread 0x000001f2348b0ba0  694 %     4       DeLP_GDPR.commons.util.rules.Derivation::allDerivations @ 401 (504 bytes)
Event: 44.729 Thread 0x000001f2348b0ba0 nmethod 694% 0x000001f215e8db90 code [0x000001f215e8e200, 0x000001f215e951b0]
Event: 5761.653 Thread 0x000001f2348b5600  696       3       java.lang.ref.ReferenceQueue::reallyPoll (65 bytes)
Event: 5761.654 Thread 0x000001f2348b5600 nmethod 696 0x000001f20ea35310 code [0x000001f20ea354e0, 0x000001f20ea35a38]
Event: 13202.603 Thread 0x000001f2348b5600  698   !   3       java.lang.ref.ReferenceQueue::remove (125 bytes)
Event: 13202.604 Thread 0x000001f2348b5600 nmethod 698 0x000001f20ea35b10 code [0x000001f20ea35d40, 0x000001f20ea364d8]
Event: 13262.612 Thread 0x000001f2348b5600  699   !   3       jdk.internal.ref.PhantomCleanable::isListEmpty (34 bytes)
Event: 13262.613 Thread 0x000001f2348b5600 nmethod 699 0x000001f20ea36810 code [0x000001f20ea369c0, 0x000001f20ea36c18]
Event: 13262.613 Thread 0x000001f2348b5600  700       3       jdk.internal.misc.InnocuousThread::eraseThreadLocals (23 bytes)
Event: 13262.613 Thread 0x000001f2348b5600 nmethod 700 0x000001f20ea36d10 code [0x000001f20ea36ec0, 0x000001f20ea370b8]

GC Heap History (20 events):
Event: 33544.844 GC heap before
{Heap before GC invocations=303379 (full 0):
 garbage-first heap   total 806912K, used 714642K [0x0000000601000000, 0x0000000800000000)
  region size 4096K, 47 young (192512K), 1 survivors (4096K)
 Metaspace       used 6171K, committed 6336K, reserved 1056768K
  class space    used 531K, committed 640K, reserved 1048576K
}
Event: 33544.844 GC heap after
{Heap after GC invocations=303380 (full 0):
 garbage-first heap   total 806912K, used 526001K [0x0000000601000000, 0x0000000800000000)
  region size 4096K, 1 young (4096K), 1 survivors (4096K)
 Metaspace       used 6171K, committed 6336K, reserved 1056768K
  class space    used 531K, committed 640K, reserved 1048576K
}
Event: 33544.926 GC heap before
{Heap before GC invocations=303380 (full 0):
 garbage-first heap   total 806912K, used 714417K [0x0000000601000000, 0x0000000800000000)
  region size 4096K, 47 young (192512K), 1 survivors (4096K)
 Metaspace       used 6171K, committed 6336K, reserved 1056768K
  class space    used 531K, committed 640K, reserved 1048576K
}
Event: 33544.927 GC heap after
{Heap after GC invocations=303381 (full 0):
 garbage-first heap   total 806912K, used 526038K [0x0000000601000000, 0x0000000800000000)
  region size 4096K, 1 young (4096K), 1 survivors (4096K)
 Metaspace       used 6171K, committed 6336K, reserved 1056768K
  class space    used 531K, committed 640K, reserved 1048576K
}
Event: 33545.020 GC heap before
{Heap before GC invocations=303381 (full 0):
 garbage-first heap   total 806912K, used 714454K [0x0000000601000000, 0x0000000800000000)
  region size 4096K, 47 young (192512K), 1 survivors (4096K)
 Metaspace       used 6171K, committed 6336K, reserved 1056768K
  class space    used 531K, committed 640K, reserved 1048576K
}
Event: 33545.021 GC heap after
{Heap after GC invocations=303382 (full 0):
 garbage-first heap   total 806912K, used 526194K [0x0000000601000000, 0x0000000800000000)
  region size 4096K, 1 young (4096K), 1 survivors (4096K)
 Metaspace       used 6171K, committed 6336K, reserved 1056768K
  class space    used 531K, committed 640K, reserved 1048576K
}
Event: 33545.119 GC heap before
{Heap before GC invocations=303382 (full 0):
 garbage-first heap   total 806912K, used 714610K [0x0000000601000000, 0x0000000800000000)
  region size 4096K, 47 young (192512K), 1 survivors (4096K)
 Metaspace       used 6171K, committed 6336K, reserved 1056768K
  class space    used 531K, committed 640K, reserved 1048576K
}
Event: 33545.119 GC heap after
{Heap after GC invocations=303383 (full 0):
 garbage-first heap   total 806912K, used 526195K [0x0000000601000000, 0x0000000800000000)
  region size 4096K, 1 young (4096K), 1 survivors (4096K)
 Metaspace       used 6171K, committed 6336K, reserved 1056768K
  class space    used 531K, committed 640K, reserved 1048576K
}
Event: 33545.215 GC heap before
{Heap before GC invocations=303383 (full 0):
 garbage-first heap   total 806912K, used 714611K [0x0000000601000000, 0x0000000800000000)
  region size 4096K, 47 young (192512K), 1 survivors (4096K)
 Metaspace       used 6171K, committed 6336K, reserved 1056768K
  class space    used 531K, committed 640K, reserved 1048576K
}
Event: 33545.215 GC heap after
{Heap after GC invocations=303384 (full 0):
 garbage-first heap   total 806912K, used 526200K [0x0000000601000000, 0x0000000800000000)
  region size 4096K, 1 young (4096K), 1 survivors (4096K)
 Metaspace       used 6171K, committed 6336K, reserved 1056768K
  class space    used 531K, committed 640K, reserved 1048576K
}
Event: 33545.296 GC heap before
{Heap before GC invocations=303384 (full 0):
 garbage-first heap   total 806912K, used 714616K [0x0000000601000000, 0x0000000800000000)
  region size 4096K, 47 young (192512K), 1 survivors (4096K)
 Metaspace       used 6171K, committed 6336K, reserved 1056768K
  class space    used 531K, committed 640K, reserved 1048576K
}
Event: 33545.296 GC heap after
{Heap after GC invocations=303385 (full 0):
 garbage-first heap   total 806912K, used 525951K [0x0000000601000000, 0x0000000800000000)
  region size 4096K, 1 young (4096K), 1 survivors (4096K)
 Metaspace       used 6171K, committed 6336K, reserved 1056768K
  class space    used 531K, committed 640K, reserved 1048576K
}
Event: 33545.374 GC heap before
{Heap before GC invocations=303385 (full 0):
 garbage-first heap   total 806912K, used 714367K [0x0000000601000000, 0x0000000800000000)
  region size 4096K, 47 young (192512K), 1 survivors (4096K)
 Metaspace       used 6171K, committed 6336K, reserved 1056768K
  class space    used 531K, committed 640K, reserved 1048576K
}
Event: 33545.375 GC heap after
{Heap after GC invocations=303386 (full 0):
 garbage-first heap   total 806912K, used 525810K [0x0000000601000000, 0x0000000800000000)
  region size 4096K, 1 young (4096K), 1 survivors (4096K)
 Metaspace       used 6171K, committed 6336K, reserved 1056768K
  class space    used 531K, committed 640K, reserved 1048576K
}
Event: 33545.444 GC heap before
{Heap before GC invocations=303386 (full 0):
 garbage-first heap   total 806912K, used 714226K [0x0000000601000000, 0x0000000800000000)
  region size 4096K, 47 young (192512K), 1 survivors (4096K)
 Metaspace       used 6171K, committed 6336K, reserved 1056768K
  class space    used 531K, committed 640K, reserved 1048576K
}
Event: 33545.444 GC heap after
{Heap after GC invocations=303387 (full 0):
 garbage-first heap   total 806912K, used 526019K [0x0000000601000000, 0x0000000800000000)
  region size 4096K, 1 young (4096K), 1 survivors (4096K)
 Metaspace       used 6171K, committed 6336K, reserved 1056768K
  class space    used 531K, committed 640K, reserved 1048576K
}
Event: 33545.510 GC heap before
{Heap before GC invocations=303387 (full 0):
 garbage-first heap   total 806912K, used 714435K [0x0000000601000000, 0x0000000800000000)
  region size 4096K, 47 young (192512K), 1 survivors (4096K)
 Metaspace       used 6171K, committed 6336K, reserved 1056768K
  class space    used 531K, committed 640K, reserved 1048576K
}
Event: 33545.510 GC heap after
{Heap after GC invocations=303388 (full 0):
 garbage-first heap   total 806912K, used 526126K [0x0000000601000000, 0x0000000800000000)
  region size 4096K, 1 young (4096K), 1 survivors (4096K)
 Metaspace       used 6171K, committed 6336K, reserved 1056768K
  class space    used 531K, committed 640K, reserved 1048576K
}
Event: 33545.575 GC heap before
{Heap before GC invocations=303388 (full 0):
 garbage-first heap   total 806912K, used 714542K [0x0000000601000000, 0x0000000800000000)
  region size 4096K, 47 young (192512K), 1 survivors (4096K)
 Metaspace       used 6171K, committed 6336K, reserved 1056768K
  class space    used 531K, committed 640K, reserved 1048576K
}
Event: 33545.576 GC heap after
{Heap after GC invocations=303389 (full 0):
 garbage-first heap   total 806912K, used 526042K [0x0000000601000000, 0x0000000800000000)
  region size 4096K, 1 young (4096K), 1 survivors (4096K)
 Metaspace       used 6171K, committed 6336K, reserved 1056768K
  class space    used 531K, committed 640K, reserved 1048576K
}

Deoptimization events (20 events):
Event: 11.736 Thread 0x000001f20ac77f50 DEOPT PACKING pc=0x000001f215e27488 sp=0x0000000da75ff160
Event: 11.736 Thread 0x000001f20ac77f50 DEOPT UNPACKING pc=0x000001f20e23d72e sp=0x0000000da75ff168 mode 2
Event: 14.322 Thread 0x000001f20ac77f50 DEOPT PACKING pc=0x000001f20ea2aa56 sp=0x0000000da75ff120
Event: 14.322 Thread 0x000001f20ac77f50 DEOPT UNPACKING pc=0x000001f20e23dece sp=0x0000000da75fe670 mode 0
Event: 44.321 Thread 0x000001f20ac77f50 Uncommon trap: trap_request=0xffffffc6 fr.pc=0x000001f215e5afe0 relative=0x0000000000005ac0
Event: 44.321 Thread 0x000001f20ac77f50 Uncommon trap: reason=bimorphic_or_optimized_type_check action=maybe_recompile pc=0x000001f215e5afe0 method=DeLP_GDPR.commons.util.rules.Derivation.allDerivations(Ljava/util/Collection;Lorg/tweetyproject/commons/Formula;)Ljava/util/Set; @ 294 c2
Event: 44.321 Thread 0x000001f20ac77f50 DEOPT PACKING pc=0x000001f215e5afe0 sp=0x0000000da75ff160
Event: 44.321 Thread 0x000001f20ac77f50 DEOPT UNPACKING pc=0x000001f20e23d72e sp=0x0000000da75ff178 mode 2
Event: 44.392 Thread 0x000001f20ac77f50 Uncommon trap: trap_request=0xffffffc6 fr.pc=0x000001f215e7b3c0 relative=0x0000000000004e40
Event: 44.392 Thread 0x000001f20ac77f50 Uncommon trap: reason=bimorphic_or_optimized_type_check action=maybe_recompile pc=0x000001f215e7b3c0 method=DeLP_GDPR.commons.util.rules.Derivation.allDerivations(Ljava/util/Collection;Lorg/tweetyproject/commons/Formula;)Ljava/util/Set; @ 415 c2
Event: 44.392 Thread 0x000001f20ac77f50 DEOPT PACKING pc=0x000001f215e7b3c0 sp=0x0000000da75ff190
Event: 44.392 Thread 0x000001f20ac77f50 DEOPT UNPACKING pc=0x000001f20e23d72e sp=0x0000000da75ff180 mode 2
Event: 44.448 Thread 0x000001f20ac77f50 Uncommon trap: trap_request=0xffffffc6 fr.pc=0x000001f215e7b3c0 relative=0x0000000000004e40
Event: 44.448 Thread 0x000001f20ac77f50 Uncommon trap: reason=bimorphic_or_optimized_type_check action=maybe_recompile pc=0x000001f215e7b3c0 method=DeLP_GDPR.commons.util.rules.Derivation.allDerivations(Ljava/util/Collection;Lorg/tweetyproject/commons/Formula;)Ljava/util/Set; @ 415 c2
Event: 44.448 Thread 0x000001f20ac77f50 DEOPT PACKING pc=0x000001f215e7b3c0 sp=0x0000000da75ff190
Event: 44.448 Thread 0x000001f20ac77f50 DEOPT UNPACKING pc=0x000001f20e23d72e sp=0x0000000da75ff180 mode 2
Event: 44.497 Thread 0x000001f20ac77f50 Uncommon trap: trap_request=0xffffffc6 fr.pc=0x000001f215e7b3c0 relative=0x0000000000004e40
Event: 44.497 Thread 0x000001f20ac77f50 Uncommon trap: reason=bimorphic_or_optimized_type_check action=maybe_recompile pc=0x000001f215e7b3c0 method=DeLP_GDPR.commons.util.rules.Derivation.allDerivations(Ljava/util/Collection;Lorg/tweetyproject/commons/Formula;)Ljava/util/Set; @ 415 c2
Event: 44.497 Thread 0x000001f20ac77f50 DEOPT PACKING pc=0x000001f215e7b3c0 sp=0x0000000da75ff190
Event: 44.497 Thread 0x000001f20ac77f50 DEOPT UNPACKING pc=0x000001f20e23d72e sp=0x0000000da75ff180 mode 2

Classes unloaded (0 events):
No events

Classes redefined (0 events):
No events

Internal exceptions (2 events):
Event: 0.094 Thread 0x000001f20ac77f50 Exception <a 'java/lang/NoSuchMethodError'{0x0000000620fd8f48}: 'int java.lang.invoke.DirectMethodHandle$Holder.invokeVirtual(java.lang.Object, java.lang.Object)'> (0x0000000620fd8f48) 
thrown [t:\workspace\open\src\hotspot\share\interpreter\linkResolver.cpp, line 790]
Event: 33545.601 Thread 0x000001f20ac77f50 Implicit null exception at 0x000001f215d99ca4 to 0x0000000000000000

Events (20 events):
Event: 33544.844 Executing  VM operation: G1CollectForAllocation
Event: 33544.844 Executing  VM operation: G1CollectForAllocation done
Event: 33544.926 Executing  VM operation: G1CollectForAllocation
Event: 33544.927 Executing  VM operation: G1CollectForAllocation done
Event: 33545.020 Executing  VM operation: G1CollectForAllocation
Event: 33545.021 Executing  VM operation: G1CollectForAllocation done
Event: 33545.119 Executing  VM operation: G1CollectForAllocation
Event: 33545.119 Executing  VM operation: G1CollectForAllocation done
Event: 33545.215 Executing  VM operation: G1CollectForAllocation
Event: 33545.215 Executing  VM operation: G1CollectForAllocation done
Event: 33545.296 Executing  VM operation: G1CollectForAllocation
Event: 33545.296 Executing  VM operation: G1CollectForAllocation done
Event: 33545.374 Executing  VM operation: G1CollectForAllocation
Event: 33545.375 Executing  VM operation: G1CollectForAllocation done
Event: 33545.444 Executing  VM operation: G1CollectForAllocation
Event: 33545.444 Executing  VM operation: G1CollectForAllocation done
Event: 33545.510 Executing  VM operation: G1CollectForAllocation
Event: 33545.510 Executing  VM operation: G1CollectForAllocation done
Event: 33545.575 Executing  VM operation: G1CollectForAllocation
Event: 33545.576 Executing  VM operation: G1CollectForAllocation done


Dynamic libraries:
0x00007ff6f0100000 - 0x00007ff6f010e000 	C:\Users\alexh\.p2\pool\plugins\org.eclipse.justj.openjdk.hotspot.jre.full.win32.x86_64_16.0.2.v20210721-1149\jre\bin\javaw.exe
0x00007ffe66e10000 - 0x00007ffe67027000 	C:\WINDOWS\SYSTEM32\ntdll.dll
0x00007ffe656c0000 - 0x00007ffe65784000 	C:\WINDOWS\System32\KERNEL32.DLL
0x00007ffe64180000 - 0x00007ffe64525000 	C:\WINDOWS\System32\KERNELBASE.dll
0x00007ffe64710000 - 0x00007ffe64821000 	C:\WINDOWS\System32\ucrtbase.dll
0x00007ffe55290000 - 0x00007ffe552a9000 	C:\Users\alexh\.p2\pool\plugins\org.eclipse.justj.openjdk.hotspot.jre.full.win32.x86_64_16.0.2.v20210721-1149\jre\bin\VCRUNTIME140.dll
0x00007ffe552b0000 - 0x00007ffe552c8000 	C:\Users\alexh\.p2\pool\plugins\org.eclipse.justj.openjdk.hotspot.jre.full.win32.x86_64_16.0.2.v20210721-1149\jre\bin\jli.dll
0x00007ffe66c20000 - 0x00007ffe66dce000 	C:\WINDOWS\System32\USER32.dll
0x00007ffe54270000 - 0x00007ffe54503000 	C:\WINDOWS\WinSxS\amd64_microsoft.windows.common-controls_6595b64144ccf1df_6.0.22621.2506_none_270c5ae97388e100\COMCTL32.dll
0x00007ffe64830000 - 0x00007ffe64856000 	C:\WINDOWS\System32\win32u.dll
0x00007ffe66560000 - 0x00007ffe66607000 	C:\WINDOWS\System32\msvcrt.dll
0x00007ffe66480000 - 0x00007ffe664a9000 	C:\WINDOWS\System32\GDI32.dll
0x00007ffe645f0000 - 0x00007ffe64709000 	C:\WINDOWS\System32\gdi32full.dll
0x00007ffe649d0000 - 0x00007ffe64a6a000 	C:\WINDOWS\System32\msvcp_win.dll
0x00007ffe64e10000 - 0x00007ffe64e41000 	C:\WINDOWS\System32\IMM32.DLL
0x00007ffe55280000 - 0x00007ffe5528c000 	C:\Users\alexh\.p2\pool\plugins\org.eclipse.justj.openjdk.hotspot.jre.full.win32.x86_64_16.0.2.v20210721-1149\jre\bin\vcruntime140_1.dll
0x00007ffe4bd40000 - 0x00007ffe4bdd1000 	C:\Users\alexh\.p2\pool\plugins\org.eclipse.justj.openjdk.hotspot.jre.full.win32.x86_64_16.0.2.v20210721-1149\jre\bin\msvcp140.dll
0x00007ffe01500000 - 0x00007ffe020ab000 	C:\Users\alexh\.p2\pool\plugins\org.eclipse.justj.openjdk.hotspot.jre.full.win32.x86_64_16.0.2.v20210721-1149\jre\bin\server\jvm.dll
0x00007ffe65890000 - 0x00007ffe65941000 	C:\WINDOWS\System32\ADVAPI32.dll
0x00007ffe64f40000 - 0x00007ffe64fe6000 	C:\WINDOWS\System32\sechost.dll
0x00007ffe66610000 - 0x00007ffe66727000 	C:\WINDOWS\System32\RPCRT4.dll
0x00007ffe64ff0000 - 0x00007ffe64ff8000 	C:\WINDOWS\System32\PSAPI.DLL
0x00007ffe5f370000 - 0x00007ffe5f379000 	C:\WINDOWS\SYSTEM32\WSOCK32.dll
0x00007ffe57f90000 - 0x00007ffe57fc4000 	C:\WINDOWS\SYSTEM32\WINMM.dll
0x00007ffe5b2b0000 - 0x00007ffe5b2ba000 	C:\WINDOWS\SYSTEM32\VERSION.dll
0x00007ffe64e70000 - 0x00007ffe64ee1000 	C:\WINDOWS\System32\WS2_32.dll
0x00007ffe63270000 - 0x00007ffe63288000 	C:\WINDOWS\SYSTEM32\kernel.appcore.dll
0x00007ffe54cb0000 - 0x00007ffe54cba000 	C:\Users\alexh\.p2\pool\plugins\org.eclipse.justj.openjdk.hotspot.jre.full.win32.x86_64_16.0.2.v20210721-1149\jre\bin\jimage.dll
0x00007ffe56910000 - 0x00007ffe56b43000 	C:\WINDOWS\SYSTEM32\DBGHELP.DLL
0x00007ffe66890000 - 0x00007ffe66c19000 	C:\WINDOWS\System32\combase.dll
0x00007ffe64d20000 - 0x00007ffe64df7000 	C:\WINDOWS\System32\OLEAUT32.dll
0x00007ffe43010000 - 0x00007ffe43042000 	C:\WINDOWS\SYSTEM32\dbgcore.DLL
0x00007ffe64ae0000 - 0x00007ffe64b5a000 	C:\WINDOWS\System32\bcryptPrimitives.dll
0x00007ffe4b360000 - 0x00007ffe4b385000 	C:\Users\alexh\.p2\pool\plugins\org.eclipse.justj.openjdk.hotspot.jre.full.win32.x86_64_16.0.2.v20210721-1149\jre\bin\java.dll
0x00007ffe4cff0000 - 0x00007ffe4d008000 	C:\Users\alexh\.p2\pool\plugins\org.eclipse.justj.openjdk.hotspot.jre.full.win32.x86_64_16.0.2.v20210721-1149\jre\bin\zip.dll
0x00007ffe65c20000 - 0x00007ffe66479000 	C:\WINDOWS\System32\SHELL32.dll
0x00007ffe620b0000 - 0x00007ffe629a4000 	C:\WINDOWS\SYSTEM32\windows.storage.dll
0x00007ffe61f70000 - 0x00007ffe620ae000 	C:\WINDOWS\SYSTEM32\wintypes.dll
0x00007ffe66730000 - 0x00007ffe66823000 	C:\WINDOWS\System32\SHCORE.dll
0x00007ffe66830000 - 0x00007ffe6688e000 	C:\WINDOWS\System32\shlwapi.dll
0x00007ffe640b0000 - 0x00007ffe640d6000 	C:\WINDOWS\SYSTEM32\profapi.dll

dbghelp: loaded successfully - version: 4.0.5 - missing functions: none
symbol engine: initialized successfully - sym options: 0x614 - pdb path: .;C:\Users\alexh\.p2\pool\plugins\org.eclipse.justj.openjdk.hotspot.jre.full.win32.x86_64_16.0.2.v20210721-1149\jre\bin;C:\WINDOWS\SYSTEM32;C:\WINDOWS\WinSxS\amd64_microsoft.windows.common-controls_6595b64144ccf1df_6.0.22621.2506_none_270c5ae97388e100;C:\Users\alexh\.p2\pool\plugins\org.eclipse.justj.openjdk.hotspot.jre.full.win32.x86_64_16.0.2.v20210721-1149\jre\bin\server

VM Arguments:
jvm_args: -Dfile.encoding=UTF-8 -XX:+ShowCodeDetailsInExceptionMessages 
java_command: DeLP_GDPR.delp.examples.DeLPExample
java_class_path (initial): C:\Users\alexh\OneDrive\Masters_Dissertation\DeLP_GDPR\bin
Launcher Type: SUN_STANDARD

[Global flags]
     intx CICompilerCount                          = 12                                        {product} {ergonomic}
     uint ConcGCThreads                            = 4                                         {product} {ergonomic}
     uint G1ConcRefinementThreads                  = 15                                        {product} {ergonomic}
   size_t G1HeapRegionSize                         = 4194304                                   {product} {ergonomic}
    uintx GCDrainStackTargetSize                   = 64                                        {product} {ergonomic}
   size_t InitialHeapSize                          = 536870912                                 {product} {ergonomic}
   size_t MarkStackSize                            = 4194304                                   {product} {ergonomic}
   size_t MaxHeapSize                              = 8573157376                                {product} {ergonomic}
   size_t MaxNewSize                               = 5142216704                                {product} {ergonomic}
   size_t MinHeapDeltaBytes                        = 4194304                                   {product} {ergonomic}
   size_t MinHeapSize                              = 8388608                                   {product} {ergonomic}
    uintx NonNMethodCodeHeapSize                   = 7602480                                {pd product} {ergonomic}
    uintx NonProfiledCodeHeapSize                  = 122027880                              {pd product} {ergonomic}
    uintx ProfiledCodeHeapSize                     = 122027880                              {pd product} {ergonomic}
    uintx ReservedCodeCacheSize                    = 251658240                              {pd product} {ergonomic}
     bool SegmentedCodeCache                       = true                                      {product} {ergonomic}
     bool ShowCodeDetailsInExceptionMessages       = true                                   {manageable} {command line}
   size_t SoftMaxHeapSize                          = 8573157376                             {manageable} {ergonomic}
     bool UseCompressedClassPointers               = true                           {product lp64_product} {ergonomic}
     bool UseCompressedOops                        = true                           {product lp64_product} {ergonomic}
     bool UseG1GC                                  = true                                      {product} {ergonomic}
     bool UseLargePagesIndividualAllocation        = false                                  {pd product} {ergonomic}

Logging:
Log output configuration:
 #0: stdout all=warning uptime,level,tags
 #1: stderr all=off uptime,level,tags

Environment Variables:
JAVA_HOME=C:\Program Files\Java\jre1.8.0_301
PATH=C:/Users/alexh/.p2/pool/plugins/org.eclipse.justj.openjdk.hotspot.jre.full.win32.x86_64_16.0.2.v20210721-1149/jre/bin/server;C:/Users/alexh/.p2/pool/plugins/org.eclipse.justj.openjdk.hotspot.jre.full.win32.x86_64_16.0.2.v20210721-1149/jre/bin;C:\Program Files\Eclipse Adoptium\jdk-11.0.18.10-hotspot\bin;C:\Program Files (x86)\Common Files\Oracle\Java\javapath;C:\Windows\system32;C:\Windows;C:\Windows\System32\Wbem;C:\Windows\System32\WindowsPowerShell\v1.0\;C:\Windows\System32\OpenSSH\;C:\Program Files (x86)\NVIDIA Corporation\PhysX\Common;C:\Program Files\NVIDIA Corporation\NVIDIA NvDLISR;C:\msys64\mingw64\bin;C:\java\jdk-17\bin;C:\Program Files\PuTTY\;C:\Program Files\Git\cmd;C:\Program Files\Pandoc\;C:\WINDOWS\system32;C:\WINDOWS;C:\WINDOWS\System32\Wbem;C:\WINDOWS\System32\WindowsPowerShell\v1.0\;C:\WINDOWS\System32\OpenSSH\;C:\ProgramData\chocolatey\bin;C:\Program Files\MiniZinc\;C:\ProgramData\chocolatey\lib\maven\apache-maven-3.9.0\bin;C:\Program Files\Oculus\Support\oculus-runtime;C:\Program Files (x86)\Common Files\Oracle\Java\javapath;C:\Windows\system32;C:\Windows;C:\Windows\System32\Wbem;C:\Windows\System32\WindowsPowerShell\v1.0\;C:\Windows\System32\OpenSSH\;C:\Program Files (x86)\NVIDIA Corporation\PhysX\Common;C:\Program Files\NVIDIA Corporation\NVIDIA NvDLISR;C:\msys64\mingw64\bin;C:\java\jdk-17\bin;C:\Program Files\PuTTY\;C:\Program Files\Git\cmd;C:\Program Files\Pandoc\;C:\WINDOWS\system32;C:\WINDOWS;C:\WINDOWS\System32\Wbem;C:\WINDOWS\System32\WindowsPowerShell\v1.0\;C:\WINDOWS\System32\OpenSSH\;C:\ProgramData\chocolatey\bin;C:\Prog;C:\tools\ghc-9.4.2\bin;C:\Users\alexh\AppData\Local\Programs\Microsoft VS Code\bin;C:\Users\alexh\AppData\Local\Microsoft\WindowsApps;C:\flutter\bin;C:\tools\dart-sdk\bin;C:\Users\alexh\AppData\Roaming\Pub\Cache\bin;;C:\WINDOWS\System32;
USERNAME=alexh
OS=Windows_NT
PROCESSOR_IDENTIFIER=Intel64 Family 6 Model 165 Stepping 5, GenuineIntel



---------------  S Y S T E M  ---------------

OS:
 Windows 10 , 64 bit Build 22621 (10.0.22621.2506)
OS uptime: 3 days 4:05 hours

CPU: total 20 (initial active 20) (10 cores per cpu, 2 threads per core) family 6 model 165 stepping 5 microcode 0xec, cx8, cmov, fxsr, ht, mmx, 3dnowpref, sse, sse2, sse3, ssse3, sse4.1, sse4.2, popcnt, lzcnt, tsc, tscinvbit, avx, avx2, aes, erms, clmul, bmi1, bmi2, adx, fma, vzeroupper, clflush, clflushopt

Memory: 4k page, system-wide physical 32689M (17879M free)
TotalPageFile size 34737M (AvailPageFile size 10631M)
current process WorkingSet (physical memory assigned to process): 457M, peak: 855M
current process commit charge ("private bytes"): 914M, peak: 914M

vm_info: OpenJDK 64-Bit Server VM (16.0.2+7-67) for windows-amd64 JRE (16.0.2+7-67), built on Jun  8 2021 23:21:43 by "mach5one" with MS VC++ 16.7 (VS2019)

END.
